<?xml version="1.0" encoding="UTF-8"?>
<!-- Generated by org.testng.reporters.JUnitReportReporter -->
<testsuite skipped="0" hostname="DESKTOP-C79FC9R" name="com.leafBot.testcases.TC001_CreateLead" tests="2" failures="0" timestamp="11 Nov 2019 14:54:51 GMT" time="54.506" errors="0">
  <testcase name="runTC001" time="33.063" classname="com.leafBot.testcases.TC001_CreateLead"/>
  <testcase name="runTC001" time="21.443" classname="com.leafBot.testcases.TC001_CreateLead"/>
</testsuite> <!-- com.leafBot.testcases.TC001_CreateLead -->
