<?xml version="1.0" encoding="UTF-8"?>
<!-- Generated by org.testng.reporters.JUnitReportReporter -->
<testsuite skipped="0" hostname="DESKTOP-13RKBDN" name="com.leafBot.testcases.CL" tests="2" failures="0" timestamp="10 Aug 2019 08:23:31 GMT" time="19.307" errors="0">
  <testcase name="loginAndLogout" time="10.358" classname="com.leafBot.testcases.CL"/>
  <testcase name="loginAndLogout" time="8.949" classname="com.leafBot.testcases.CL"/>
</testsuite> <!-- com.leafBot.testcases.CL -->
