<?xml version="1.0" encoding="UTF-8"?>
<!-- Generated by org.testng.reporters.JUnitReportReporter -->
<testsuite skipped="0" hostname="DESKTOP-C79FC9R" name="acme1.Vendor" tests="1" failures="0" timestamp="17 Nov 2019 06:07:12 GMT" time="46.645" errors="0">
  <testcase name="search" time="46.645" classname="acme1.Vendor"/>
</testsuite> <!-- acme1.Vendor -->
